  PVE.cpp
C:\Users\lucas\Documents\Programmation\C++\AI_Echecs_Cleanup\src\Gamemodes\PVE.cpp(85,12): warning C4244: 'argument': conversion from 'unsigned __int64' to 'int', possible loss of data
  Simulations.cpp
C:\Program Files\Microsoft Visual Studio\2022\Community\VC\Tools\MSVC\14.34.31933\include\tuple(523,76): warning C4244: '=': conversion from '_Ty' to 'float', possible loss of data
          with
          [
              _Ty=int
          ]
C:\Program Files\Microsoft Visual Studio\2022\Community\VC\Tools\MSVC\14.34.31933\include\tuple(522,1): message : see reference to function template instantiation 'std::tuple<float &> &std::tuple<float &>::operator =<int,0>(std::tuple<int> &&) noexcept' being compiled
C:\Program Files\Microsoft Visual Studio\2022\Community\VC\Tools\MSVC\14.34.31933\include\tuple(524,23): message : see reference to function template instantiation 'std::tuple<float &> &std::tuple<float &>::operator =<int,0>(std::tuple<int> &&) noexcept' being compiled
C:\Users\lucas\Documents\Programmation\C++\AI_Echecs_Cleanup\src\Gamemodes\Simulations.cpp(634,73): message : see reference to function template instantiation 'std::tuple<int &,float &> &std::tuple<int &,float &>::operator =<int,int,0>(std::tuple<int,int> &&) noexcept' being compiled
C:\Users\lucas\Documents\Programmation\C++\AI_Echecs_Cleanup\src\Gamemodes\Simulations.cpp(634,40): message : see reference to function template instantiation 'std::tuple<int &,float &> &std::tuple<int &,float &>::operator =<int,int,0>(std::tuple<int,int> &&) noexcept' being compiled
  Chess_Movement.cpp
  Init_Chess_Board.cpp
  PVP.cpp
  Movement_Managing.cpp
  txt_managing.cpp
  Log.cpp
  MAIN.cpp
  Generating code
  Previous IPDB was built with incompatible compiler, fall back to full compilation.
  All 307 functions were compiled because no usable IPDB/IOBJ from previous compilation was found.
  Finished generating code
  AI_Echecs.vcxproj -> C:\Users\lucas\Documents\Programmation\C++\AI_Echecs_Cleanup\Release\AI_Echecs.exe
